{"/home/inzamam/Documents/Namaste React secondv/src/components/Contact.js": {"path":"/home/inzamam/Documents/Namaste React secondv/src/components/Contact.js","statementMap":{"0":{"start":{"line":1,"column":16},"end":{"line":14,"column":1}},"1":{"start":{"line":2,"column":4},"end":{"line":13,"column":6}}},"fnMap":{"0":{"name":"(anonymous_0)","decl":{"start":{"line":1,"column":16},"end":{"line":1,"column":17}},"loc":{"start":{"line":1,"column":22},"end":{"line":14,"column":1}},"line":1}},"branchMap":{},"s":{"0":1,"1":3},"f":{"0":3},"b":{},"_coverageSchema":"1a1c01bbd47fc00a2c39e90264f33305004495a9","hash":"b08ec669839f58c05baffea620b47bba44840482"}
,"/home/inzamam/Documents/Namaste React secondv/src/components/sum.js": {"path":"/home/inzamam/Documents/Namaste React secondv/src/components/sum.js","statementMap":{"0":{"start":{"line":7,"column":12},"end":{"line":7,"column":27}},"1":{"start":{"line":7,"column":22},"end":{"line":7,"column":27}}},"fnMap":{"0":{"name":"(anonymous_0)","decl":{"start":{"line":7,"column":12},"end":{"line":7,"column":13}},"loc":{"start":{"line":7,"column":22},"end":{"line":7,"column":27}},"line":7}},"branchMap":{},"s":{"0":1,"1":1},"f":{"0":1},"b":{},"_coverageSchema":"1a1c01bbd47fc00a2c39e90264f33305004495a9","hash":"cbf42c10721a018ae8866f6f43ca0a7981fb69eb"}
}
